<?xml version="1.0" encoding="UTF-8"?>
<testng-results ignored="0" total="2" passed="2" failed="0" skipped="0">
  <reporter-output>
  </reporter-output>
  <suite started-at="2024-07-29T12:21:21 IST" name="Default suite" finished-at="2024-07-29T12:21:21 IST" duration-ms="42">
    <groups>
    </groups>
    <test started-at="2024-07-29T12:21:21 IST" name="Default test" finished-at="2024-07-29T12:21:21 IST" duration-ms="42">
      <class name="module1.orgModule">
        <test-method signature="CreateOrg()[pri:0, instance:module1.orgModule@57a3af25]" started-at="2024-07-29T12:21:21 IST" name="CreateOrg" finished-at="2024-07-29T12:21:21 IST" duration-ms="9" status="PASS">
          <reporter-output>
          </reporter-output>
        </test-method> <!-- CreateOrg -->
        <test-method signature="DeleteOrg()[pri:0, instance:module1.orgModule@57a3af25]" started-at="2024-07-29T12:21:21 IST" name="DeleteOrg" finished-at="2024-07-29T12:21:21 IST" duration-ms="2" status="PASS">
          <reporter-output>
          </reporter-output>
        </test-method> <!-- DeleteOrg -->
      </class> <!-- module1.orgModule -->
    </test> <!-- Default test -->
  </suite> <!-- Default suite -->
</testng-results>
